<?xml version="1.0" encoding="UTF-8"?>
<testng-results skipped="0" failed="0" ignored="0" total="1" passed="1">
  <reporter-output>
  </reporter-output>
  <suite name="Default suite" duration-ms="9932" started-at="2023-01-31T20:30:07 IST" finished-at="2023-01-31T20:30:17 IST">
    <groups>
    </groups>
    <test name="Default test" duration-ms="9932" started-at="2023-01-31T20:30:07 IST" finished-at="2023-01-31T20:30:17 IST">
      <class name="practise.creating_orgainization">
        <test-method status="PASS" signature="org()[pri:0, instance:practise.creating_orgainization@4fcd19b3]" name="org" duration-ms="9901" started-at="2023-01-31T20:30:07 IST" finished-at="2023-01-31T20:30:17 IST">
          <reporter-output>
          </reporter-output>
        </test-method> <!-- org -->
      </class> <!-- practise.creating_orgainization -->
    </test> <!-- Default test -->
  </suite> <!-- Default suite -->
</testng-results>
